0 info it worked if it ends with ok
1 verbose cli [ 'D:\\soft\\nodejs\\node.exe',
1 verbose cli   'D:\\soft\\nodejs\\node_modules\\npm\\bin\\npm-cli.js',
1 verbose cli   'install',
1 verbose cli   'ngActivityIndicator',
1 verbose cli   '--save-dev',
1 verbose cli   '--registry',
1 verbose cli   'http://registry.npm.taobao.org' ]
2 info using npm@3.10.10
3 info using node@v6.9.2
4 silly loadCurrentTree Starting
5 silly install loadCurrentTree
6 silly install readLocalPackageData
7 silly fetchPackageMetaData ngActivityIndicator
8 silly fetchNamedPackageData ngActivityIndicator
9 silly mapToRegistry name ngActivityIndicator
10 silly mapToRegistry using default registry
11 silly mapToRegistry registry http://registry.npm.taobao.org/
12 silly mapToRegistry data Result {
12 silly mapToRegistry   raw: 'ngActivityIndicator',
12 silly mapToRegistry   scope: null,
12 silly mapToRegistry   escapedName: 'ngActivityIndicator',
12 silly mapToRegistry   name: 'ngActivityIndicator',
12 silly mapToRegistry   rawSpec: '',
12 silly mapToRegistry   spec: 'latest',
12 silly mapToRegistry   type: 'tag' }
13 silly mapToRegistry uri http://registry.npm.taobao.org/ngActivityIndicator
14 verbose request uri http://registry.npm.taobao.org/ngActivityIndicator
15 verbose request no auth needed
16 info attempt registry request try #1 at 00:03:31
17 verbose request id a0e052c8d6f8245c
18 http request GET http://registry.npm.taobao.org/ngActivityIndicator
19 http 404 http://registry.npm.taobao.org/ngActivityIndicator
20 verbose headers { 'content-type': 'application/json',
20 verbose headers   'cache-control': 'max-age=0',
20 verbose headers   'content-length': '2',
20 verbose headers   'accept-ranges': 'bytes',
20 verbose headers   date: 'Tue, 11 Apr 2017 16:03:27 GMT',
20 verbose headers   via: '1.1 varnish',
20 verbose headers   age: '0',
20 verbose headers   connection: 'close',
20 verbose headers   'x-served-by': 'cache-lax8627-LAX',
20 verbose headers   'x-cache': 'MISS',
20 verbose headers   'x-cache-hits': '0',
20 verbose headers   'x-timer': 'S1491926608.612724,VS0,VE362',
20 verbose headers   vary: 'Accept-Encoding' }
21 silly get cb [ 404,
21 silly get   { 'content-type': 'application/json',
21 silly get     'cache-control': 'max-age=0',
21 silly get     'content-length': '2',
21 silly get     'accept-ranges': 'bytes',
21 silly get     date: 'Tue, 11 Apr 2017 16:03:27 GMT',
21 silly get     via: '1.1 varnish',
21 silly get     age: '0',
21 silly get     connection: 'close',
21 silly get     'x-served-by': 'cache-lax8627-LAX',
21 silly get     'x-cache': 'MISS',
21 silly get     'x-cache-hits': '0',
21 silly get     'x-timer': 'S1491926608.612724,VS0,VE362',
21 silly get     vary: 'Accept-Encoding' } ]
22 silly fetchPackageMetaData Error: Registry returned 404 for GET on http://registry.npm.taobao.org/ngActivityIndicator
22 silly fetchPackageMetaData     at makeError (D:\soft\nodejs\node_modules\npm\node_modules\npm-registry-client\lib\request.js:302:12)
22 silly fetchPackageMetaData     at CachingRegistryClient.<anonymous> (D:\soft\nodejs\node_modules\npm\node_modules\npm-registry-client\lib\request.js:280:14)
22 silly fetchPackageMetaData     at Request._callback (D:\soft\nodejs\node_modules\npm\node_modules\npm-registry-client\lib\request.js:210:14)
22 silly fetchPackageMetaData     at Request.self.callback (D:\soft\nodejs\node_modules\npm\node_modules\request\request.js:187:22)
22 silly fetchPackageMetaData     at emitTwo (events.js:106:13)
22 silly fetchPackageMetaData     at Request.emit (events.js:191:7)
22 silly fetchPackageMetaData     at Request.<anonymous> (D:\soft\nodejs\node_modules\npm\node_modules\request\request.js:1048:10)
22 silly fetchPackageMetaData     at emitOne (events.js:96:13)
22 silly fetchPackageMetaData     at Request.emit (events.js:188:7)
22 silly fetchPackageMetaData     at IncomingMessage.<anonymous> (D:\soft\nodejs\node_modules\npm\node_modules\request\request.js:969:12)
22 silly fetchPackageMetaData  error for ngActivityIndicator { Error: Registry returned 404 for GET on http://registry.npm.taobao.org/ngActivityIndicator
22 silly fetchPackageMetaData     at makeError (D:\soft\nodejs\node_modules\npm\node_modules\npm-registry-client\lib\request.js:302:12)
22 silly fetchPackageMetaData     at CachingRegistryClient.<anonymous> (D:\soft\nodejs\node_modules\npm\node_modules\npm-registry-client\lib\request.js:280:14)
22 silly fetchPackageMetaData     at Request._callback (D:\soft\nodejs\node_modules\npm\node_modules\npm-registry-client\lib\request.js:210:14)
22 silly fetchPackageMetaData     at Request.self.callback (D:\soft\nodejs\node_modules\npm\node_modules\request\request.js:187:22)
22 silly fetchPackageMetaData     at emitTwo (events.js:106:13)
22 silly fetchPackageMetaData     at Request.emit (events.js:191:7)
22 silly fetchPackageMetaData     at Request.<anonymous> (D:\soft\nodejs\node_modules\npm\node_modules\request\request.js:1048:10)
22 silly fetchPackageMetaData     at emitOne (events.js:96:13)
22 silly fetchPackageMetaData     at Request.emit (events.js:188:7)
22 silly fetchPackageMetaData     at IncomingMessage.<anonymous> (D:\soft\nodejs\node_modules\npm\node_modules\request\request.js:969:12) pkgid: 'ngActivityIndicator', statusCode: 404, code: 'E404' }
23 silly rollbackFailedOptional Starting
24 silly rollbackFailedOptional Finishing
25 silly runTopLevelLifecycles Finishing
26 silly install printInstalled
27 verbose stack Error: Registry returned 404 for GET on http://registry.npm.taobao.org/ngActivityIndicator
27 verbose stack     at makeError (D:\soft\nodejs\node_modules\npm\node_modules\npm-registry-client\lib\request.js:302:12)
27 verbose stack     at CachingRegistryClient.<anonymous> (D:\soft\nodejs\node_modules\npm\node_modules\npm-registry-client\lib\request.js:280:14)
27 verbose stack     at Request._callback (D:\soft\nodejs\node_modules\npm\node_modules\npm-registry-client\lib\request.js:210:14)
27 verbose stack     at Request.self.callback (D:\soft\nodejs\node_modules\npm\node_modules\request\request.js:187:22)
27 verbose stack     at emitTwo (events.js:106:13)
27 verbose stack     at Request.emit (events.js:191:7)
27 verbose stack     at Request.<anonymous> (D:\soft\nodejs\node_modules\npm\node_modules\request\request.js:1048:10)
27 verbose stack     at emitOne (events.js:96:13)
27 verbose stack     at Request.emit (events.js:188:7)
27 verbose stack     at IncomingMessage.<anonymous> (D:\soft\nodejs\node_modules\npm\node_modules\request\request.js:969:12)
28 verbose statusCode 404
29 verbose pkgid ngActivityIndicator
30 verbose cwd D:\soft\phpStudy\WWW\study\angular_pro_20170121\angular-1-webpack
31 error Windows_NT 10.0.14393
32 error argv "D:\\soft\\nodejs\\node.exe" "D:\\soft\\nodejs\\node_modules\\npm\\bin\\npm-cli.js" "install" "ngActivityIndicator" "--save-dev" "--registry" "http://registry.npm.taobao.org"
33 error node v6.9.2
34 error npm  v3.10.10
35 error code E404
36 error 404 Registry returned 404 for GET on http://registry.npm.taobao.org/ngActivityIndicator
37 error 404
38 error 404 'ngActivityIndicator' is not in the npm registry.
39 error 404 Your package name is not valid, because
40 error 404 1. name can no longer contain capital letters
41 error 404 Note that you can also install from a
42 error 404 tarball, folder, http url, or git url.
43 verbose exit [ 1, true ]
